# JRE version: OpenJDK Runtime Environment (17.0.9) (build 17.0.9+0--11185874)
# Java VM: OpenJDK 64-Bit Server VM (17.0.9+0--11185874, mixed mode, tiered, compressed oops, compressed class ptrs, g1 gc, windows-amd64)
GC Precious Log:
 CPUs: 8 total, 8 available
 Memory: 16118M
 Large Page Support: Disabled
 NUMA Support: Disabled
 Compressed Oops: Enabled (32-bit)
 Heap Region Size: 1M
 Heap Min Capacity: 8M
 Heap Initial Capacity: 252M
 Heap Max Capacity: 2G
 Pre-touch: Disabled
 Parallel Workers: 8
 Concurrent Workers: 2
 Concurrent Refinement Workers: 8
 Periodic GC: Disabled
Heap:
 garbage-first heap   total 261120K, used 126596K [0x0000000080000000, 0x0000000100000000)
  region size 1024K, 10 young (10240K), 10 survivors (10240K)
 Metaspace       used 138528K, committed 139392K, reserved 1179648K
  class space    used 18751K, committed 19200K, reserved 1048576K
GC Heap History (20 events):
Event: 4909.682 GC heap after
{Heap after GC invocations=60 (full 0):
 garbage-first heap   total 261120K, used 90834K [0x0000000080000000, 0x0000000100000000)
  region size 1024K, 1 young (1024K), 1 survivors (1024K)
 Metaspace       used 104768K, committed 105536K, reserved 1179648K
  class space    used 14064K, committed 14464K, reserved 1048576K
}
Event: 4910.506 GC heap before
{Heap before GC invocations=60 (full 0):
 garbage-first heap   total 261120K, used 128722K [0x0000000080000000, 0x0000000100000000)
  region size 1024K, 39 young (39936K), 1 survivors (1024K)
 Metaspace       used 105720K, committed 106304K, reserved 1179648K
  class space    used 14190K, committed 14464K, reserved 1048576K
}
Event: 4910.514 GC heap after
{Heap after GC invocations=61 (full 0):
 garbage-first heap   total 261120K, used 96079K [0x0000000080000000, 0x0000000100000000)
  region size 1024K, 6 young (6144K), 6 survivors (6144K)
 Metaspace       used 105720K, committed 106304K, reserved 1179648K
  class space    used 14190K, committed 14464K, reserved 1048576K
}
Event: 4913.222 GC heap before
{Heap before GC invocations=62 (full 0):
 garbage-first heap   total 261120K, used 240463K [0x0000000080000000, 0x0000000100000000)
  region size 1024K, 120 young (122880K), 6 survivors (6144K)
 Metaspace       used 109576K, committed 110336K, reserved 1179648K
  class space    used 14578K, committed 14976K, reserved 1048576K
}
Event: 4913.230 GC heap after
{Heap after GC invocations=63 (full 0):
 garbage-first heap   total 261120K, used 98137K [0x0000000080000000, 0x0000000100000000)
  region size 1024K, 8 young (8192K), 8 survivors (8192K)
 Metaspace       used 109576K, committed 110336K, reserved 1179648K
  class space    used 14578K, committed 14976K, reserved 1048576K
}
Event: 4913.281 GC heap before
{Heap before GC invocations=63 (full 0):
 garbage-first heap   total 261120K, used 102233K [0x0000000080000000, 0x0000000100000000)
  region size 1024K, 12 young (12288K), 8 survivors (8192K)
 Metaspace       used 109944K, committed 110720K, reserved 1179648K
  class space    used 14623K, committed 15040K, reserved 1048576K
}
Event: 4913.296 GC heap after
{Heap after GC invocations=64 (full 0):
 garbage-first heap   total 261120K, used 94691K [0x0000000080000000, 0x0000000100000000)
  region size 1024K, 2 young (2048K), 2 survivors (2048K)
 Metaspace       used 109944K, committed 110720K, reserved 1179648K
  class space    used 14623K, committed 15040K, reserved 1048576K
}
Event: 4914.466 GC heap before
{Heap before GC invocations=64 (full 0):
 garbage-first heap   total 261120K, used 217571K [0x0000000080000000, 0x0000000100000000)
  region size 1024K, 123 young (125952K), 2 survivors (2048K)
 Metaspace       used 114933K, committed 115712K, reserved 1179648K
  class space    used 15166K, committed 15552K, reserved 1048576K
}
Event: 4914.476 GC heap after
{Heap after GC invocations=65 (full 0):
 garbage-first heap   total 261120K, used 103498K [0x0000000080000000, 0x0000000100000000)
  region size 1024K, 10 young (10240K), 10 survivors (10240K)
 Metaspace       used 114933K, committed 115712K, reserved 1179648K
  class space    used 15166K, committed 15552K, reserved 1048576K
}
Event: 4917.263 GC heap before
{Heap before GC invocations=66 (full 0):
 garbage-first heap   total 261120K, used 215114K [0x0000000080000000, 0x0000000100000000)
  region size 1024K, 120 young (122880K), 10 survivors (10240K)
 Metaspace       used 119251K, committed 120000K, reserved 1179648K
  class space    used 15722K, committed 16064K, reserved 1048576K
}
Event: 4917.274 GC heap after
{Heap after GC invocations=67 (full 0):
 garbage-first heap   total 261120K, used 110117K [0x0000000080000000, 0x0000000100000000)
  region size 1024K, 11 young (11264K), 11 survivors (11264K)
 Metaspace       used 119251K, committed 120000K, reserved 1179648K
  class space    used 15722K, committed 16064K, reserved 1048576K
}
Event: 4917.279 GC heap before
{Heap before GC invocations=67 (full 0):
 garbage-first heap   total 261120K, used 111141K [0x0000000080000000, 0x0000000100000000)
  region size 1024K, 12 young (12288K), 11 survivors (11264K)
 Metaspace       used 119434K, committed 120192K, reserved 1179648K
  class space    used 15733K, committed 16064K, reserved 1048576K
}
Event: 4917.287 GC heap after
{Heap after GC invocations=68 (full 0):
 garbage-first heap   total 261120K, used 108544K [0x0000000080000000, 0x0000000100000000)
  region size 1024K, 1 young (1024K), 1 survivors (1024K)
 Metaspace       used 119434K, committed 120192K, reserved 1179648K
  class space    used 15733K, committed 16064K, reserved 1048576K
}
Event: 4917.529 GC heap before
{Heap before GC invocations=68 (full 0):
 garbage-first heap   total 261120K, used 129024K [0x0000000080000000, 0x0000000100000000)
  region size 1024K, 23 young (23552K), 1 survivors (1024K)
 Metaspace       used 123581K, committed 124288K, reserved 1179648K
  class space    used 16259K, committed 16576K, reserved 1048576K
}
Event: 4917.532 GC heap after
{Heap after GC invocations=69 (full 0):
 garbage-first heap   total 261120K, used 109923K [0x0000000080000000, 0x0000000100000000)
  region size 1024K, 3 young (3072K), 3 survivors (3072K)
 Metaspace       used 123581K, committed 124288K, reserved 1179648K
  class space    used 16259K, committed 16576K, reserved 1048576K
}
Event: 4919.102 GC heap before
{Heap before GC invocations=70 (full 0):
 garbage-first heap   total 261120K, used 217443K [0x0000000080000000, 0x0000000100000000)
  region size 1024K, 105 young (107520K), 3 survivors (3072K)
 Metaspace       used 129023K, committed 129856K, reserved 1179648K
  class space    used 16999K, committed 17408K, reserved 1048576K
}
Event: 4919.111 GC heap after
{Heap after GC invocations=71 (full 0):
 garbage-first heap   total 261120K, used 120260K [0x0000000080000000, 0x0000000100000000)
  region size 1024K, 11 young (11264K), 11 survivors (11264K)
 Metaspace       used 129023K, committed 129856K, reserved 1179648K
  class space    used 16999K, committed 17408K, reserved 1048576K
}
Event: 4919.129 GC heap before
{Heap before GC invocations=71 (full 0):
 garbage-first heap   total 261120K, used 120260K [0x0000000080000000, 0x0000000100000000)
  region size 1024K, 12 young (12288K), 11 survivors (11264K)
 Metaspace       used 129135K, committed 129920K, reserved 1179648K
  class space    used 17016K, committed 17408K, reserved 1048576K
}
Event: 4919.138 GC heap after
{Heap after GC invocations=72 (full 0):
 garbage-first heap   total 261120K, used 118232K [0x0000000080000000, 0x0000000100000000)
  region size 1024K, 2 young (2048K), 2 survivors (2048K)
 Metaspace       used 129135K, committed 129920K, reserved 1179648K
  class space    used 17016K, committed 17408K, reserved 1048576K
}
Event: 4920.133 GC heap before
{Heap before GC invocations=72 (full 0):
 garbage-first heap   total 261120K, used 210392K [0x0000000080000000, 0x0000000100000000)
  region size 1024K, 93 young (95232K), 2 survivors (2048K)
 Metaspace       used 138528K, committed 139392K, reserved 1179648K
  class space    used 18751K, committed 19200K, reserved 1048576K
}

