# JRE version: OpenJDK Runtime Environment (17.0.9) (build 17.0.9+0--11185874)
# Java VM: OpenJDK 64-Bit Server VM (17.0.9+0--11185874, mixed mode, tiered, compressed oops, compressed class ptrs, g1 gc, windows-amd64)
GC Precious Log:
 CPUs: 8 total, 8 available
 Memory: 16118M
 Large Page Support: Disabled
 NUMA Support: Disabled
 Compressed Oops: Enabled (32-bit)
 Heap Region Size: 1M
 Heap Min Capacity: 8M
 Heap Initial Capacity: 252M
 Heap Max Capacity: 2G
 Pre-touch: Disabled
 Parallel Workers: 8
 Concurrent Workers: 2
 Concurrent Refinement Workers: 8
 Periodic GC: Disabled
Heap:
 garbage-first heap   total 350208K, used 186694K [0x0000000080000000, 0x0000000100000000)
  region size 1024K, 82 young (83968K), 3 survivors (3072K)
 Metaspace       used 109773K, committed 110656K, reserved 1179648K
  class space    used 14858K, committed 15296K, reserved 1048576K
GC Heap History (20 events):
Event: 9.107 GC heap before
{Heap before GC invocations=25 (full 0):
 garbage-first heap   total 120832K, used 99815K [0x0000000080000000, 0x0000000100000000)
  region size 1024K, 37 young (37888K), 2 survivors (2048K)
 Metaspace       used 79215K, committed 79808K, reserved 1179648K
  class space    used 10840K, committed 11136K, reserved 1048576K
}
Event: 9.110 GC heap after
{Heap after GC invocations=26 (full 0):
 garbage-first heap   total 120832K, used 63281K [0x0000000080000000, 0x0000000100000000)
  region size 1024K, 2 young (2048K), 2 survivors (2048K)
 Metaspace       used 79215K, committed 79808K, reserved 1179648K
  class space    used 10840K, committed 11136K, reserved 1048576K
}
Event: 9.154 GC heap before
{Heap before GC invocations=26 (full 0):
 garbage-first heap   total 120832K, used 66353K [0x0000000080000000, 0x0000000100000000)
  region size 1024K, 5 young (5120K), 2 survivors (2048K)
 Metaspace       used 79466K, committed 80128K, reserved 1179648K
  class space    used 10877K, committed 11200K, reserved 1048576K
}
Event: 9.157 GC heap after
{Heap after GC invocations=27 (full 0):
 garbage-first heap   total 120832K, used 63013K [0x0000000080000000, 0x0000000100000000)
  region size 1024K, 1 young (1024K), 1 survivors (1024K)
 Metaspace       used 79466K, committed 80128K, reserved 1179648K
  class space    used 10877K, committed 11200K, reserved 1048576K
}
Event: 9.573 GC heap before
{Heap before GC invocations=27 (full 0):
 garbage-first heap   total 120832K, used 98853K [0x0000000080000000, 0x0000000100000000)
  region size 1024K, 36 young (36864K), 1 survivors (1024K)
 Metaspace       used 82561K, committed 83136K, reserved 1179648K
  class space    used 11346K, committed 11648K, reserved 1048576K
}
Event: 9.575 GC heap after
{Heap after GC invocations=28 (full 0):
 garbage-first heap   total 120832K, used 64333K [0x0000000080000000, 0x0000000100000000)
  region size 1024K, 2 young (2048K), 2 survivors (2048K)
 Metaspace       used 82561K, committed 83136K, reserved 1179648K
  class space    used 11346K, committed 11648K, reserved 1048576K
}
Event: 10.061 GC heap before
{Heap before GC invocations=29 (full 0):
 garbage-first heap   total 120832K, used 100173K [0x0000000080000000, 0x0000000100000000)
  region size 1024K, 37 young (37888K), 2 survivors (2048K)
 Metaspace       used 85419K, committed 86016K, reserved 1179648K
  class space    used 11784K, committed 12096K, reserved 1048576K
}
Event: 10.067 GC heap after
{Heap after GC invocations=30 (full 0):
 garbage-first heap   total 120832K, used 66652K [0x0000000080000000, 0x0000000100000000)
  region size 1024K, 4 young (4096K), 4 survivors (4096K)
 Metaspace       used 85419K, committed 86016K, reserved 1179648K
  class space    used 11784K, committed 12096K, reserved 1048576K
}
Event: 10.080 GC heap before
{Heap before GC invocations=30 (full 0):
 garbage-first heap   total 120832K, used 66652K [0x0000000080000000, 0x0000000100000000)
  region size 1024K, 5 young (5120K), 4 survivors (4096K)
 Metaspace       used 85506K, committed 86080K, reserved 1179648K
  class space    used 11797K, committed 12096K, reserved 1048576K
}
Event: 10.087 GC heap after
{Heap after GC invocations=31 (full 0):
 garbage-first heap   total 175104K, used 66432K [0x0000000080000000, 0x0000000100000000)
  region size 1024K, 1 young (1024K), 1 survivors (1024K)
 Metaspace       used 85506K, committed 86080K, reserved 1179648K
  class space    used 11797K, committed 12096K, reserved 1048576K
}
Event: 10.948 GC heap before
{Heap before GC invocations=31 (full 0):
 garbage-first heap   total 175104K, used 147328K [0x0000000080000000, 0x0000000100000000)
  region size 1024K, 76 young (77824K), 1 survivors (1024K)
 Metaspace       used 92446K, committed 93120K, reserved 1179648K
  class space    used 12647K, committed 12992K, reserved 1048576K
}
Event: 10.954 GC heap after
{Heap after GC invocations=32 (full 0):
 garbage-first heap   total 175104K, used 72739K [0x0000000080000000, 0x0000000100000000)
  region size 1024K, 7 young (7168K), 7 survivors (7168K)
 Metaspace       used 92446K, committed 93120K, reserved 1179648K
  class space    used 12647K, committed 12992K, reserved 1048576K
}
Event: 11.755 GC heap before
{Heap before GC invocations=32 (full 0):
 garbage-first heap   total 175104K, used 140323K [0x0000000080000000, 0x0000000100000000)
  region size 1024K, 74 young (75776K), 7 survivors (7168K)
 Metaspace       used 94597K, committed 95296K, reserved 1179648K
  class space    used 13020K, committed 13376K, reserved 1048576K
}
Event: 11.767 GC heap after
{Heap after GC invocations=33 (full 0):
 garbage-first heap   total 175104K, used 80367K [0x0000000080000000, 0x0000000100000000)
  region size 1024K, 8 young (8192K), 8 survivors (8192K)
 Metaspace       used 94597K, committed 95296K, reserved 1179648K
  class space    used 13020K, committed 13376K, reserved 1048576K
}
Event: 12.355 GC heap before
{Heap before GC invocations=33 (full 0):
 garbage-first heap   total 175104K, used 139759K [0x0000000080000000, 0x0000000100000000)
  region size 1024K, 67 young (68608K), 8 survivors (8192K)
 Metaspace       used 95840K, committed 96640K, reserved 1179648K
  class space    used 13174K, committed 13568K, reserved 1048576K
}
Event: 12.365 GC heap after
{Heap after GC invocations=34 (full 0):
 garbage-first heap   total 175104K, used 84565K [0x0000000080000000, 0x0000000100000000)
  region size 1024K, 6 young (6144K), 6 survivors (6144K)
 Metaspace       used 95840K, committed 96640K, reserved 1179648K
  class space    used 13174K, committed 13568K, reserved 1048576K
}
Event: 12.805 GC heap before
{Heap before GC invocations=34 (full 0):
 garbage-first heap   total 175104K, used 139861K [0x0000000080000000, 0x0000000100000000)
  region size 1024K, 61 young (62464K), 6 survivors (6144K)
 Metaspace       used 96831K, committed 97536K, reserved 1179648K
  class space    used 13285K, committed 13632K, reserved 1048576K
}
Event: 12.814 GC heap after
{Heap after GC invocations=35 (full 0):
 garbage-first heap   total 175104K, used 89641K [0x0000000080000000, 0x0000000100000000)
  region size 1024K, 7 young (7168K), 7 survivors (7168K)
 Metaspace       used 96831K, committed 97536K, reserved 1179648K
  class space    used 13285K, committed 13632K, reserved 1048576K
}
Event: 14.752 GC heap before
{Heap before GC invocations=35 (full 0):
 garbage-first heap   total 175104K, used 139817K [0x0000000080000000, 0x0000000100000000)
  region size 1024K, 57 young (58368K), 7 survivors (7168K)
 Metaspace       used 102304K, committed 103040K, reserved 1179648K
  class space    used 13891K, committed 14272K, reserved 1048576K
}
Event: 14.761 GC heap after
{Heap after GC invocations=36 (full 0):
 garbage-first heap   total 350208K, used 91462K [0x0000000080000000, 0x0000000100000000)
  region size 1024K, 3 young (3072K), 3 survivors (3072K)
 Metaspace       used 102304K, committed 103040K, reserved 1179648K
  class space    used 13891K, committed 14272K, reserved 1048576K
}

